
Invalid `this.client.user.findFirst()` invocation in
/home/matheus/documents/encurtador-de-links/src/infra/repositories/user-repository.ts:26:31

  23 
  24 async find(user: User) {
  25   try {
→ 26     return this.client.user.findFirst(
Can't reach database server at `localhost:5432`

Please make sure your database server is running at `localhost:5432`.
Cannot read properties of null (reading 'shortId')
Cannot read properties of null (reading 'shortId')
Cannot read properties of null (reading 'shortId')
Cannot read properties of null (reading 'shortId')
Cannot read properties of null (reading 'shortId')
Cannot read properties of null (reading 'shortId')
Cannot read properties of null (reading 'shortId')
Cannot read properties of null (reading 'shortId')
Cannot read properties of null (reading 'shortId')
Cannot read properties of null (reading 'shortId')
Cannot read properties of null (reading 'shortId')

Invalid `this.client.shortUrl.findFirst()` invocation in
/home/matheus/documents/encurtador-de-links/src/infra/repositories/short-url-repository.ts:24:35

  21 
  22 async find(shortUrl: ShortUrl) {
  23   try {
→ 24     return this.client.shortUrl.findFirst(
Can't reach database server at `localhost:5432`

Please make sure your database server is running at `localhost:5432`.
